# JRE version: Java(TM) SE Runtime Environment (8.0_201-b09) (build 1.8.0_201-b09)
# Java VM: Java HotSpot(TM) 64-Bit Server VM (25.201-b09 mixed mode linux-amd64 compressed oops)
Heap:
 PSYoungGen      total 209920K, used 26110K [0x00000000ec200000, 0x00000000fc800000, 0x0000000100000000)
  eden space 183808K, 0% used [0x00000000ec200000,0x00000000ec200000,0x00000000f7580000)
  from space 26112K, 99% used [0x00000000fae80000,0x00000000fc7ff840,0x00000000fc800000)
  to   space 20992K, 0% used [0x00000000f7580000,0x00000000f7580000,0x00000000f8a00000)
 ParOldGen       total 55808K, used 50822K [0x00000000c4600000, 0x00000000c7c80000, 0x00000000ec200000)
  object space 55808K, 91% used [0x00000000c4600000,0x00000000c77a18a0,0x00000000c7c80000)
 Metaspace       used 22475K, capacity 22852K, committed 23168K, reserved 1069056K
  class space    used 2613K, capacity 2666K, committed 2688K, reserved 1048576K
GC Heap History (10 events):
Event: 10,111 GC heap after
Heap after GC invocations=8 (full 0):
 PSYoungGen      total 131072K, used 11763K [0x00000000ec200000, 0x00000000f5500000, 0x0000000100000000)
  eden space 119296K, 0% used [0x00000000ec200000,0x00000000ec200000,0x00000000f3680000)
  from space 11776K, 99% used [0x00000000f4480000,0x00000000f4ffcf30,0x00000000f5000000)
  to   space 14336K, 0% used [0x00000000f3680000,0x00000000f3680000,0x00000000f4480000)
 ParOldGen       total 40960K, used 14466K [0x00000000c4600000, 0x00000000c6e00000, 0x00000000ec200000)
  object space 40960K, 35% used [0x00000000c4600000,0x00000000c5420bf0,0x00000000c6e00000)
 Metaspace       used 15055K, capacity 15300K, committed 15488K, reserved 1062912K
  class space    used 1797K, capacity 1845K, committed 1920K, reserved 1048576K
}
Event: 19,716 GC heap before
{Heap before GC invocations=9 (full 0):
 PSYoungGen      total 131072K, used 88725K [0x00000000ec200000, 0x00000000f5500000, 0x0000000100000000)
  eden space 119296K, 64% used [0x00000000ec200000,0x00000000f0d286a0,0x00000000f3680000)
  from space 11776K, 99% used [0x00000000f4480000,0x00000000f4ffcf30,0x00000000f5000000)
  to   space 14336K, 0% used [0x00000000f3680000,0x00000000f3680000,0x00000000f4480000)
 ParOldGen       total 40960K, used 14466K [0x00000000c4600000, 0x00000000c6e00000, 0x00000000ec200000)
  object space 40960K, 35% used [0x00000000c4600000,0x00000000c5420bf0,0x00000000c6e00000)
 Metaspace       used 20794K, capacity 21058K, committed 21248K, reserved 1069056K
  class space    used 2459K, capacity 2527K, committed 2560K, reserved 1048576K
Event: 19,847 GC heap after
Heap after GC invocations=9 (full 0):
 PSYoungGen      total 133632K, used 14318K [0x00000000ec200000, 0x00000000f9e80000, 0x0000000100000000)
  eden space 119296K, 0% used [0x00000000ec200000,0x00000000ec200000,0x00000000f3680000)
  from space 14336K, 99% used [0x00000000f3680000,0x00000000f447b808,0x00000000f4480000)
  to   space 17408K, 0% used [0x00000000f8d80000,0x00000000f8d80000,0x00000000f9e80000)
 ParOldGen       total 40960K, used 16505K [0x00000000c4600000, 0x00000000c6e00000, 0x00000000ec200000)
  object space 40960K, 40% used [0x00000000c4600000,0x00000000c561e718,0x00000000c6e00000)
 Metaspace       used 20794K, capacity 21058K, committed 21248K, reserved 1069056K
  class space    used 2459K, capacity 2527K, committed 2560K, reserved 1048576K
}
Event: 19,869 GC heap before
{Heap before GC invocations=10 (full 1):
 PSYoungGen      total 133632K, used 14318K [0x00000000ec200000, 0x00000000f9e80000, 0x0000000100000000)
  eden space 119296K, 0% used [0x00000000ec200000,0x00000000ec200000,0x00000000f3680000)
  from space 14336K, 99% used [0x00000000f3680000,0x00000000f447b808,0x00000000f4480000)
  to   space 17408K, 0% used [0x00000000f8d80000,0x00000000f8d80000,0x00000000f9e80000)
 ParOldGen       total 40960K, used 16505K [0x00000000c4600000, 0x00000000c6e00000, 0x00000000ec200000)
  object space 40960K, 40% used [0x00000000c4600000,0x00000000c561e718,0x00000000c6e00000)
 Metaspace       used 20794K, capacity 21058K, committed 21248K, reserved 1069056K
  class space    used 2459K, capacity 2527K, committed 2560K, reserved 1048576K
Event: 20,605 GC heap after
Heap after GC invocations=10 (full 1):
 PSYoungGen      total 133632K, used 0K [0x00000000ec200000, 0x00000000f9e80000, 0x0000000100000000)
  eden space 119296K, 0% used [0x00000000ec200000,0x00000000ec200000,0x00000000f3680000)
  from space 14336K, 0% used [0x00000000f3680000,0x00000000f3680000,0x00000000f4480000)
  to   space 17408K, 0% used [0x00000000f8d80000,0x00000000f8d80000,0x00000000f9e80000)
 ParOldGen       total 55808K, used 24552K [0x00000000c4600000, 0x00000000c7c80000, 0x00000000ec200000)
  object space 55808K, 43% used [0x00000000c4600000,0x00000000c5dfa0f8,0x00000000c7c80000)
 Metaspace       used 20794K, capacity 21058K, committed 21248K, reserved 1069056K
  class space    used 2459K, capacity 2527K, committed 2560K, reserved 1048576K
}
Event: 41,927 GC heap before
{Heap before GC invocations=11 (full 1):
 PSYoungGen      total 133632K, used 119296K [0x00000000ec200000, 0x00000000f9e80000, 0x0000000100000000)
  eden space 119296K, 100% used [0x00000000ec200000,0x00000000f3680000,0x00000000f3680000)
  from space 14336K, 0% used [0x00000000f3680000,0x00000000f3680000,0x00000000f4480000)
  to   space 17408K, 0% used [0x00000000f8d80000,0x00000000f8d80000,0x00000000f9e80000)
 ParOldGen       total 55808K, used 24552K [0x00000000c4600000, 0x00000000c7c80000, 0x00000000ec200000)
  object space 55808K, 43% used [0x00000000c4600000,0x00000000c5dfa0f8,0x00000000c7c80000)
 Metaspace       used 22334K, capacity 22718K, committed 22912K, reserved 1069056K
  class space    used 2607K, capacity 2665K, committed 2688K, reserved 1048576K
Event: 42,973 GC heap after
Heap after GC invocations=11 (full 1):
 PSYoungGen      total 164352K, used 17384K [0x00000000ec200000, 0x00000000f9e80000, 0x0000000100000000)
  eden space 146944K, 0% used [0x00000000ec200000,0x00000000ec200000,0x00000000f5180000)
  from space 17408K, 99% used [0x00000000f8d80000,0x00000000f9e7a338,0x00000000f9e80000)
  to   space 20992K, 0% used [0x00000000f7580000,0x00000000f7580000,0x00000000f8a00000)
 ParOldGen       total 55808K, used 26857K [0x00000000c4600000, 0x00000000c7c80000, 0x00000000ec200000)
  object space 55808K, 48% used [0x00000000c4600000,0x00000000c603a6e0,0x00000000c7c80000)
 Metaspace       used 22334K, capacity 22718K, committed 22912K, reserved 1069056K
  class space    used 2607K, capacity 2665K, committed 2688K, reserved 1048576K
}
Event: 44,597 GC heap before
{Heap before GC invocations=12 (full 1):
 PSYoungGen      total 164352K, used 164328K [0x00000000ec200000, 0x00000000f9e80000, 0x0000000100000000)
  eden space 146944K, 100% used [0x00000000ec200000,0x00000000f5180000,0x00000000f5180000)
  from space 17408K, 99% used [0x00000000f8d80000,0x00000000f9e7a338,0x00000000f9e80000)
  to   space 20992K, 0% used [0x00000000f7580000,0x00000000f7580000,0x00000000f8a00000)
 ParOldGen       total 55808K, used 26857K [0x00000000c4600000, 0x00000000c7c80000, 0x00000000ec200000)
  object space 55808K, 48% used [0x00000000c4600000,0x00000000c603a6e0,0x00000000c7c80000)
 Metaspace       used 22345K, capacity 22724K, committed 22912K, reserved 1069056K
  class space    used 2607K, capacity 2666K, committed 2688K, reserved 1048576K
Event: 45,891 GC heap after
Heap after GC invocations=12 (full 1):
 PSYoungGen      total 204800K, used 20967K [0x00000000ec200000, 0x00000000fc800000, 0x0000000100000000)
  eden space 183808K, 0% used [0x00000000ec200000,0x00000000ec200000,0x00000000f7580000)
  from space 20992K, 99% used [0x00000000f7580000,0x00000000f89f9f10,0x00000000f8a00000)
  to   space 26112K, 0% used [0x00000000fae80000,0x00000000fae80000,0x00000000fc800000)
 ParOldGen       total 55808K, used 31842K [0x00000000c4600000, 0x00000000c7c80000, 0x00000000ec200000)
  object space 55808K, 57% used [0x00000000c4600000,0x00000000c6518868,0x00000000c7c80000)
 Metaspace       used 22345K, capacity 22724K, committed 22912K, reserved 1069056K
  class space    used 2607K, capacity 2666K, committed 2688K, reserved 1048576K
}
Event: 49,354 GC heap before
{Heap before GC invocations=13 (full 1):
 PSYoungGen      total 204800K, used 204775K [0x00000000ec200000, 0x00000000fc800000, 0x0000000100000000)
  eden space 183808K, 100% used [0x00000000ec200000,0x00000000f7580000,0x00000000f7580000)
  from space 20992K, 99% used [0x00000000f7580000,0x00000000f89f9f10,0x00000000f8a00000)
  to   space 26112K, 0% used [0x00000000fae80000,0x00000000fae80000,0x00000000fc800000)
 ParOldGen       total 55808K, used 31842K [0x00000000c4600000, 0x00000000c7c80000, 0x00000000ec200000)
  object space 55808K, 57% used [0x00000000c4600000,0x00000000c6518868,0x00000000c7c80000)
 Metaspace       used 22475K, capacity 22852K, committed 23168K, reserved 1069056K
  class space    used 2613K, capacity 2666K, committed 2688K, reserved 1048576K

