# JRE version: Java(TM) SE Runtime Environment (8.0_201-b09) (build 1.8.0_201-b09)
# Java VM: Java HotSpot(TM) 64-Bit Server VM (25.201-b09 mixed mode linux-amd64 compressed oops)
Heap:
 PSYoungGen      total 188928K, used 22524K [0x00000000ec200000, 0x00000000f9400000, 0x0000000100000000)
  eden space 166400K, 0% used [0x00000000ec200000,0x00000000ec200000,0x00000000f6480000)
  from space 22528K, 99% used [0x00000000f6480000,0x00000000f7a7f308,0x00000000f7a80000)
  to   space 19456K, 0% used [0x00000000f7a80000,0x00000000f7a80000,0x00000000f8d80000)
 ParOldGen       total 61952K, used 61826K [0x00000000c4600000, 0x00000000c8280000, 0x00000000ec200000)
  object space 61952K, 99% used [0x00000000c4600000,0x00000000c8260928,0x00000000c8280000)
 Metaspace       used 22446K, capacity 22788K, committed 23168K, reserved 1069056K
  class space    used 2614K, capacity 2666K, committed 2688K, reserved 1048576K
GC Heap History (10 events):
Event: 33,837 GC heap after
Heap after GC invocations=13 (full 1):
 PSYoungGen      total 82944K, used 0K [0x00000000ec200000, 0x00000000f1d80000, 0x0000000100000000)
  eden space 72192K, 0% used [0x00000000ec200000,0x00000000ec200000,0x00000000f0880000)
  from space 10752K, 0% used [0x00000000f1300000,0x00000000f1300000,0x00000000f1d80000)
  to   space 10752K, 0% used [0x00000000f0880000,0x00000000f0880000,0x00000000f1300000)
 ParOldGen       total 45056K, used 22244K [0x00000000c4600000, 0x00000000c7200000, 0x00000000ec200000)
  object space 45056K, 49% used [0x00000000c4600000,0x00000000c5bb9028,0x00000000c7200000)
 Metaspace       used 20793K, capacity 21058K, committed 21248K, reserved 1069056K
  class space    used 2460K, capacity 2527K, committed 2560K, reserved 1048576K
}
Event: 35,859 GC heap before
{Heap before GC invocations=14 (full 1):
 PSYoungGen      total 82944K, used 72192K [0x00000000ec200000, 0x00000000f1d80000, 0x0000000100000000)
  eden space 72192K, 100% used [0x00000000ec200000,0x00000000f0880000,0x00000000f0880000)
  from space 10752K, 0% used [0x00000000f1300000,0x00000000f1300000,0x00000000f1d80000)
  to   space 10752K, 0% used [0x00000000f0880000,0x00000000f0880000,0x00000000f1300000)
 ParOldGen       total 45056K, used 22244K [0x00000000c4600000, 0x00000000c7200000, 0x00000000ec200000)
  object space 45056K, 49% used [0x00000000c4600000,0x00000000c5bb9028,0x00000000c7200000)
 Metaspace       used 22281K, capacity 22654K, committed 22912K, reserved 1069056K
  class space    used 2606K, capacity 2665K, committed 2688K, reserved 1048576K
Event: 35,873 GC heap after
Heap after GC invocations=14 (full 1):
 PSYoungGen      total 82944K, used 10465K [0x00000000ec200000, 0x00000000f4800000, 0x0000000100000000)
  eden space 72192K, 0% used [0x00000000ec200000,0x00000000ec200000,0x00000000f0880000)
  from space 10752K, 97% used [0x00000000f0880000,0x00000000f12b86d8,0x00000000f1300000)
  to   space 12288K, 0% used [0x00000000f3c00000,0x00000000f3c00000,0x00000000f4800000)
 ParOldGen       total 45056K, used 22316K [0x00000000c4600000, 0x00000000c7200000, 0x00000000ec200000)
  object space 45056K, 49% used [0x00000000c4600000,0x00000000c5bcb038,0x00000000c7200000)
 Metaspace       used 22281K, capacity 22654K, committed 22912K, reserved 1069056K
  class space    used 2606K, capacity 2665K, committed 2688K, reserved 1048576K
}
Event: 36,233 GC heap before
{Heap before GC invocations=15 (full 1):
 PSYoungGen      total 82944K, used 82657K [0x00000000ec200000, 0x00000000f4800000, 0x0000000100000000)
  eden space 72192K, 100% used [0x00000000ec200000,0x00000000f0880000,0x00000000f0880000)
  from space 10752K, 97% used [0x00000000f0880000,0x00000000f12b86d8,0x00000000f1300000)
  to   space 12288K, 0% used [0x00000000f3c00000,0x00000000f3c00000,0x00000000f4800000)
 ParOldGen       total 45056K, used 22316K [0x00000000c4600000, 0x00000000c7200000, 0x00000000ec200000)
  object space 45056K, 49% used [0x00000000c4600000,0x00000000c5bcb038,0x00000000c7200000)
 Metaspace       used 22284K, capacity 22654K, committed 22912K, reserved 1069056K
  class space    used 2606K, capacity 2665K, committed 2688K, reserved 1048576K
Event: 36,243 GC heap after
Heap after GC invocations=15 (full 1):
 PSYoungGen      total 122368K, used 12278K [0x00000000ec200000, 0x00000000f4c80000, 0x0000000100000000)
  eden space 110080K, 0% used [0x00000000ec200000,0x00000000ec200000,0x00000000f2d80000)
  from space 12288K, 99% used [0x00000000f3c00000,0x00000000f47fd850,0x00000000f4800000)
  to   space 14848K, 0% used [0x00000000f2d80000,0x00000000f2d80000,0x00000000f3c00000)
 ParOldGen       total 45056K, used 24073K [0x00000000c4600000, 0x00000000c7200000, 0x00000000ec200000)
  object space 45056K, 53% used [0x00000000c4600000,0x00000000c5d82500,0x00000000c7200000)
 Metaspace       used 22284K, capacity 22654K, committed 22912K, reserved 1069056K
  class space    used 2606K, capacity 2665K, committed 2688K, reserved 1048576K
}
Event: 36,880 GC heap before
{Heap before GC invocations=16 (full 1):
 PSYoungGen      total 122368K, used 122358K [0x00000000ec200000, 0x00000000f4c80000, 0x0000000100000000)
  eden space 110080K, 100% used [0x00000000ec200000,0x00000000f2d80000,0x00000000f2d80000)
  from space 12288K, 99% used [0x00000000f3c00000,0x00000000f47fd850,0x00000000f4800000)
  to   space 14848K, 0% used [0x00000000f2d80000,0x00000000f2d80000,0x00000000f3c00000)
 ParOldGen       total 45056K, used 24073K [0x00000000c4600000, 0x00000000c7200000, 0x00000000ec200000)
  object space 45056K, 53% used [0x00000000c4600000,0x00000000c5d82500,0x00000000c7200000)
 Metaspace       used 22310K, capacity 22660K, committed 22912K, reserved 1069056K
  class space    used 2607K, capacity 2666K, committed 2688K, reserved 1048576K
Event: 36,895 GC heap after
Heap after GC invocations=16 (full 1):
 PSYoungGen      total 124928K, used 14847K [0x00000000ec200000, 0x00000000f8d80000, 0x0000000100000000)
  eden space 110080K, 0% used [0x00000000ec200000,0x00000000ec200000,0x00000000f2d80000)
  from space 14848K, 99% used [0x00000000f2d80000,0x00000000f3bffd08,0x00000000f3c00000)
  to   space 19456K, 0% used [0x00000000f7a80000,0x00000000f7a80000,0x00000000f8d80000)
 ParOldGen       total 45056K, used 30470K [0x00000000c4600000, 0x00000000c7200000, 0x00000000ec200000)
  object space 45056K, 67% used [0x00000000c4600000,0x00000000c63c18c8,0x00000000c7200000)
 Metaspace       used 22310K, capacity 22660K, committed 22912K, reserved 1069056K
  class space    used 2607K, capacity 2666K, committed 2688K, reserved 1048576K
}
Event: 38,768 GC heap before
{Heap before GC invocations=17 (full 1):
 PSYoungGen      total 124928K, used 124927K [0x00000000ec200000, 0x00000000f8d80000, 0x0000000100000000)
  eden space 110080K, 100% used [0x00000000ec200000,0x00000000f2d80000,0x00000000f2d80000)
  from space 14848K, 99% used [0x00000000f2d80000,0x00000000f3bffd08,0x00000000f3c00000)
  to   space 19456K, 0% used [0x00000000f7a80000,0x00000000f7a80000,0x00000000f8d80000)
 ParOldGen       total 45056K, used 30470K [0x00000000c4600000, 0x00000000c7200000, 0x00000000ec200000)
  object space 45056K, 67% used [0x00000000c4600000,0x00000000c63c18c8,0x00000000c7200000)
 Metaspace       used 22439K, capacity 22788K, committed 23168K, reserved 1069056K
  class space    used 2614K, capacity 2666K, committed 2688K, reserved 1048576K
Event: 38,888 GC heap after
Heap after GC invocations=17 (full 1):
 PSYoungGen      total 185856K, used 19022K [0x00000000ec200000, 0x00000000f9400000, 0x0000000100000000)
  eden space 166400K, 0% used [0x00000000ec200000,0x00000000ec200000,0x00000000f6480000)
  from space 19456K, 97% used [0x00000000f7a80000,0x00000000f8d13a30,0x00000000f8d80000)
  to   space 22528K, 0% used [0x00000000f6480000,0x00000000f6480000,0x00000000f7a80000)
 ParOldGen       total 45056K, used 30571K [0x00000000c4600000, 0x00000000c7200000, 0x00000000ec200000)
  object space 45056K, 67% used [0x00000000c4600000,0x00000000c63dacf0,0x00000000c7200000)
 Metaspace       used 22439K, capacity 22788K, committed 23168K, reserved 1069056K
  class space    used 2614K, capacity 2666K, committed 2688K, reserved 1048576K
}
Event: 359,782 GC heap before
{Heap before GC invocations=18 (full 1):
 PSYoungGen      total 185856K, used 185422K [0x00000000ec200000, 0x00000000f9400000, 0x0000000100000000)
  eden space 166400K, 100% used [0x00000000ec200000,0x00000000f6480000,0x00000000f6480000)
  from space 19456K, 97% used [0x00000000f7a80000,0x00000000f8d13a30,0x00000000f8d80000)
  to   space 22528K, 0% used [0x00000000f6480000,0x00000000f6480000,0x00000000f7a80000)
 ParOldGen       total 45056K, used 30571K [0x00000000c4600000, 0x00000000c7200000, 0x00000000ec200000)
  object space 45056K, 67% used [0x00000000c4600000,0x00000000c63dacf0,0x00000000c7200000)
 Metaspace       used 22446K, capacity 22788K, committed 23168K, reserved 1069056K
  class space    used 2614K, capacity 2666K, committed 2688K, reserved 1048576K

